[INFO ] 2022-01-18 18:33:36.043 com.qa.WebBaseTest:77 - Appium server started
[INFO ] 2022-01-18 18:33:53.931 com.qa.tests.ApiDemoTest:53 - Instantiating the page object classes for Amazon.com Website
[INFO ] 2022-01-18 18:33:54.336 com.qa.pages.WebMainPage:25 - Check if amazon logo is displayed
[ERROR] 2022-01-18 18:33:54.367 com.qa.WebBaseTest:142 - Element not found
[ERROR] 2022-01-18 18:33:54.373 com.qa.tests.ApiDemoTest:68 - Error in Amazon logo test
[INFO ] 2022-01-18 18:33:54.398 com.qa.tests.ApiDemoTest:53 - Instantiating the page object classes for Amazon.com Website
[INFO ] 2022-01-18 18:33:54.400 com.qa.pages.WebMainPage:31 - Enter books value in search bar
[ERROR] 2022-01-18 18:33:54.403 com.qa.WebBaseTest:142 - Element not found
[ERROR] 2022-01-18 18:33:54.403 com.qa.WebBaseTest:175 - Unable to perform senkeys for element
[ERROR] 2022-01-18 18:33:54.403 com.qa.WebBaseTest:142 - Element not found
[ERROR] 2022-01-18 18:33:54.404 com.qa.WebBaseTest:153 - click action not performed
[INFO ] 2022-01-18 18:33:54.404 com.qa.pages.WebMainPage:40 - Click on search button
[INFO ] 2022-01-18 18:33:57.418 com.qa.pages.WebBooksPage:28 - Checking Books title is present or not
[ERROR] 2022-01-18 18:33:57.419 com.qa.tests.ApiDemoTest:87 - Error in search and verify title test
[INFO ] 2022-01-18 18:33:57.423 com.qa.tests.ApiDemoTest:53 - Instantiating the page object classes for Amazon.com Website
[INFO ] 2022-01-18 18:33:57.425 com.qa.pages.WebBooksPage:34 - Scroll to the bottom of page
[ERROR] 2022-01-18 18:33:57.440 com.qa.WebBaseTest:194 - Unable to perform move to element action
[INFO ] 2022-01-18 18:33:57.441 com.qa.pages.WebBooksPage:41 - Scroll to the bottom of page
[ERROR] 2022-01-18 18:33:57.441 com.qa.WebBaseTest:142 - Element not found
[ERROR] 2022-01-18 18:33:57.442 com.qa.tests.ApiDemoTest:100 - Error in scroll to bottom test
[INFO ] 2022-01-18 18:34:09.062 com.qa.AppBaseTest:145 - Initializing driver for native app
[INFO ] 2022-01-18 18:34:09.062 com.qa.AppBaseTest:146 - Opening Api Demo app
[INFO ] 2022-01-18 18:34:09.065 com.qa.tests.ApiDemoTest:52 - Instantiating the page object classes for ApiDemos App
[INFO ] 2022-01-18 18:34:09.958 com.qa.AppBaseTest:191 - Clicking on Views
[INFO ] 2022-01-18 18:34:18.682 com.qa.utils.TestUtils:48 - Scrolling down to :WebView3
[INFO ] 2022-01-18 18:34:19.401 com.qa.utils.TestUtils:55 - Clicking on android back button
[INFO ] 2022-01-18 18:34:19.586 com.qa.tests.ApiDemoTest:52 - Instantiating the page object classes for ApiDemos App
[INFO ] 2022-01-18 18:34:20.183 com.qa.AppBaseTest:191 - Clicking on Views
[INFO ] 2022-01-18 18:34:21.470 com.qa.AppBaseTest:191 - Click on Drag and Drop option
[INFO ] 2022-01-18 18:34:22.566 com.qa.pages.DragAndDropPage:29 - Identify element for first circle
[INFO ] 2022-01-18 18:34:22.566 com.qa.pages.DragAndDropPage:37 - Identify element for second circle
[INFO ] 2022-01-18 18:34:24.534 com.qa.utils.TestUtils:78 - Perform long press action on the element:Located by By.chained({By.id: drag_dot_1})
[INFO ] 2022-01-18 18:34:26.433 com.qa.utils.TestUtils:85 - Perform move action to element:Located by By.chained({By.id: drag_dot_2})
[INFO ] 2022-01-18 18:34:26.434 com.qa.AppBaseTest:224 - get the attribute text
[INFO ] 2022-01-18 18:34:27.811 com.qa.tests.ApiDemoTest:52 - Instantiating the page object classes for ApiDemos App
[INFO ] 2022-01-18 18:34:28.250 com.qa.pages.SecondPage:33 - find element for Expandable lists option
[ERROR] 2022-01-18 18:34:30.334 com.qa.tests.ApiDemoTest:114 - Error in touch gestures test
[INFO ] 2022-01-18 18:34:31.293 com.qa.WebBaseTest:83 - Appium server stopped
[INFO ] 2022-01-18 18:41:00.693 com.qa.WebBaseTest:77 - Appium server started
[INFO ] 2022-01-18 18:41:17.427 com.qa.tests.ApiDemoTest:53 - Instantiating the page object classes for Amazon.com Website
[INFO ] 2022-01-18 18:41:17.807 com.qa.pages.WebMainPage:25 - Check if amazon logo is displayed
[ERROR] 2022-01-18 18:41:17.848 com.qa.WebBaseTest:142 - Element not found
[ERROR] 2022-01-18 18:41:17.851 com.qa.tests.ApiDemoTest:68 - Error in Amazon logo test
[INFO ] 2022-01-18 18:41:17.861 com.qa.tests.ApiDemoTest:53 - Instantiating the page object classes for Amazon.com Website
[INFO ] 2022-01-18 18:41:17.861 com.qa.pages.WebMainPage:31 - Enter books value in search bar
[ERROR] 2022-01-18 18:41:17.861 com.qa.WebBaseTest:142 - Element not found
[ERROR] 2022-01-18 18:41:17.861 com.qa.WebBaseTest:175 - Unable to perform senkeys for element
[ERROR] 2022-01-18 18:41:17.861 com.qa.WebBaseTest:142 - Element not found
[ERROR] 2022-01-18 18:41:17.861 com.qa.WebBaseTest:153 - click action not performed
[INFO ] 2022-01-18 18:41:17.861 com.qa.pages.WebMainPage:40 - Click on search button
[INFO ] 2022-01-18 18:41:20.864 com.qa.pages.WebBooksPage:28 - Checking Books title is present or not
[ERROR] 2022-01-18 18:41:20.865 com.qa.tests.ApiDemoTest:87 - Error in search and verify title test
[INFO ] 2022-01-18 18:41:20.882 com.qa.tests.ApiDemoTest:53 - Instantiating the page object classes for Amazon.com Website
[INFO ] 2022-01-18 18:41:20.886 com.qa.pages.WebBooksPage:34 - Scroll to the bottom of page
[ERROR] 2022-01-18 18:41:20.903 com.qa.WebBaseTest:194 - Unable to perform move to element action
[INFO ] 2022-01-18 18:41:20.903 com.qa.pages.WebBooksPage:41 - Scroll to the bottom of page
[ERROR] 2022-01-18 18:41:20.903 com.qa.WebBaseTest:142 - Element not found
[ERROR] 2022-01-18 18:41:20.903 com.qa.tests.ApiDemoTest:100 - Error in scroll to bottom test
[INFO ] 2022-01-18 18:41:31.373 com.qa.AppBaseTest:145 - Initializing driver for native app
[INFO ] 2022-01-18 18:41:31.374 com.qa.AppBaseTest:146 - Opening Api Demo app
[INFO ] 2022-01-18 18:41:31.375 com.qa.tests.ApiDemoTest:52 - Instantiating the page object classes for ApiDemos App
[INFO ] 2022-01-18 18:41:32.423 com.qa.AppBaseTest:191 - Clicking on Views
[INFO ] 2022-01-18 18:41:41.523 com.qa.utils.TestUtils:48 - Scrolling down to :WebView3
[INFO ] 2022-01-18 18:41:42.235 com.qa.utils.TestUtils:55 - Clicking on android back button
[INFO ] 2022-01-18 18:41:42.468 com.qa.tests.ApiDemoTest:52 - Instantiating the page object classes for ApiDemos App
[INFO ] 2022-01-18 18:41:43.141 com.qa.AppBaseTest:191 - Clicking on Views
[INFO ] 2022-01-18 18:41:44.517 com.qa.AppBaseTest:191 - Click on Drag and Drop option
[INFO ] 2022-01-18 18:41:45.562 com.qa.pages.DragAndDropPage:29 - Identify element for first circle
[INFO ] 2022-01-18 18:41:45.562 com.qa.pages.DragAndDropPage:37 - Identify element for second circle
[INFO ] 2022-01-18 18:41:47.647 com.qa.utils.TestUtils:78 - Perform long press action on the element:Located by By.chained({By.id: drag_dot_1})
[INFO ] 2022-01-18 18:41:49.572 com.qa.utils.TestUtils:85 - Perform move action to element:Located by By.chained({By.id: drag_dot_2})
[INFO ] 2022-01-18 18:41:49.572 com.qa.AppBaseTest:224 - get the attribute text
[INFO ] 2022-01-18 18:41:50.572 com.qa.utils.TestUtils:55 - Clicking on android back button
[INFO ] 2022-01-18 18:41:50.728 com.qa.tests.ApiDemoTest:52 - Instantiating the page object classes for ApiDemos App
[INFO ] 2022-01-18 18:41:51.088 com.qa.pages.SecondPage:33 - find element for Expandable lists option
[INFO ] 2022-01-18 18:41:52.885 com.qa.utils.TestUtils:61 - Perform touch action on the element:Located by By.chained({By.AccessibilityId: Expandable Lists})
[INFO ] 2022-01-18 18:41:52.947 com.qa.AppBaseTest:191 - Clicking on Custom Adapter option
[INFO ] 2022-01-18 18:41:53.885 com.qa.pages.CustomAdapterPage:32 - Clicking on Custom Adapter option
[INFO ] 2022-01-18 18:41:57.696 com.qa.utils.TestUtils:69 - Perform long press action on the element:Located by By.chained({By.xpath: //android.widget.TextView[@text='People Names']})
[INFO ] 2022-01-18 18:41:57.697 com.qa.pages.CustomAdapterPage:39 - Checking Sample Menu text
[INFO ] 2022-01-18 18:41:58.827 com.qa.WebBaseTest:83 - Appium server stopped
